Using pre-set license
Built from '2022.3/release' branch; Version is '2022.3.18f1 (d29bea25151d) revision 13802474'; Using compiler version '192829333'; Build Type 'Release'
OS: 'Windows 11  (10.0.22631) 64bit CoreSingleLanguage' Language: 'en' Physical Memory: 7914 MB
BatchMode: 1, IsHumanControllingUs: 0, StartBugReporterOnCrash: 0, Is64bit: 1, IsPro: 1

COMMAND LINE ARGUMENTS:
C:\Program Files\Unity\Hub\Editor\2022.3.18f1\Editor\Unity.exe
-adb2
-batchMode
-noUpm
-name
AssetImportWorker0
-projectPath
C:/Tài liệu học tập/2024-2025 DLU/Game3D/Lab6/2115207_3DSurvivalGame
-logFile
Logs/AssetImportWorker0.log
-srvPort
61644
Successfully changed project path to: C:/Tài liệu học tập/2024-2025 DLU/Game3D/Lab6/2115207_3DSurvivalGame
C:/Tài liệu học tập/2024-2025 DLU/Game3D/Lab6/2115207_3DSurvivalGame
[UnityMemory] Configuration Parameters - Can be set up in boot.config
    "memorysetup-bucket-allocator-granularity=16"
    "memorysetup-bucket-allocator-bucket-count=8"
    "memorysetup-bucket-allocator-block-size=33554432"
    "memorysetup-bucket-allocator-block-count=8"
    "memorysetup-main-allocator-block-size=16777216"
    "memorysetup-thread-allocator-block-size=16777216"
    "memorysetup-gfx-main-allocator-block-size=16777216"
    "memorysetup-gfx-thread-allocator-block-size=16777216"
    "memorysetup-cache-allocator-block-size=4194304"
    "memorysetup-typetree-allocator-block-size=2097152"
    "memorysetup-profiler-bucket-allocator-granularity=16"
    "memorysetup-profiler-bucket-allocator-bucket-count=8"
    "memorysetup-profiler-bucket-allocator-block-size=33554432"
    "memorysetup-profiler-bucket-allocator-block-count=8"
    "memorysetup-profiler-allocator-block-size=16777216"
    "memorysetup-profiler-editor-allocator-block-size=1048576"
    "memorysetup-temp-allocator-size-main=16777216"
    "memorysetup-job-temp-allocator-block-size=2097152"
    "memorysetup-job-temp-allocator-block-size-background=1048576"
    "memorysetup-job-temp-allocator-reduction-small-platforms=262144"
    "memorysetup-allocator-temp-initial-block-size-main=262144"
    "memorysetup-allocator-temp-initial-block-size-worker=262144"
    "memorysetup-temp-allocator-size-background-worker=32768"
    "memorysetup-temp-allocator-size-job-worker=262144"
    "memorysetup-temp-allocator-size-preload-manager=33554432"
    "memorysetup-temp-allocator-size-nav-mesh-worker=65536"
    "memorysetup-temp-allocator-size-audio-worker=65536"
    "memorysetup-temp-allocator-size-cloud-worker=32768"
    "memorysetup-temp-allocator-size-gi-baking-worker=262144"
    "memorysetup-temp-allocator-size-gfx=262144"
Player connection [20152] Host "[IP] 192.168.1.3 [Port] 0 [Flags] 2 [Guid] 3361210962 [EditorId] 3361210962 [Version] 1048832 [Id] WindowsEditor(7,TrongHieuPC) [Debug] 1 [PackageName] WindowsEditor [ProjectName] Editor" joined multi-casting on [225.0.0.222:54997]...

Player connection [20152] Host "[IP] 192.168.1.3 [Port] 0 [Flags] 2 [Guid] 3361210962 [EditorId] 3361210962 [Version] 1048832 [Id] WindowsEditor(7,TrongHieuPC) [Debug] 1 [PackageName] WindowsEditor [ProjectName] Editor" joined alternative multi-casting on [225.0.0.222:34997]...

[Physics::Module] Initialized MultithreadedJobDispatcher with 3 workers.
Refreshing native plugins compatible for Editor in 0.00 ms, found 0 plugins.
Preloading 0 native plugins for Editor in 0.00 ms.
Initialize engine version: 2022.3.18f1 (d29bea25151d)
[Subsystems] Discovering subsystems at path C:/Program Files/Unity/Hub/Editor/2022.3.18f1/Editor/Data/Resources/UnitySubsystems
[Subsystems] Discovering subsystems at path C:/Tài liệu học tập/2024-2025 DLU/Game3D/Lab6/2115207_3DSurvivalGame/Assets
GfxDevice: creating device client; threaded=0; jobified=0
Direct3D:
    Version:  Direct3D 11.0 [level 11.1]
    Renderer: Intel(R) UHD Graphics (ID=0x9a78)
    Vendor:   Intel
    VRAM:     3957 MB
    Driver:   31.0.101.5333
Initialize mono
Mono path[0] = 'C:/Program Files/Unity/Hub/Editor/2022.3.18f1/Editor/Data/Managed'
Mono path[1] = 'C:/Program Files/Unity/Hub/Editor/2022.3.18f1/Editor/Data/MonoBleedingEdge/lib/mono/unityjit-win32'
Mono config path = 'C:/Program Files/Unity/Hub/Editor/2022.3.18f1/Editor/Data/MonoBleedingEdge/etc'
Using monoOptions --debugger-agent=transport=dt_socket,embedding=1,server=y,suspend=n,address=127.0.0.1:56064
Begin MonoManager ReloadAssembly
Registering precompiled unity dll's ...
Register platform support module: C:/Program Files/Unity/Hub/Editor/2022.3.18f1/Editor/Data/PlaybackEngines/WindowsStandaloneSupport/UnityEditor.WindowsStandalone.Extensions.dll
Registered in 0.022356 seconds.
- Loaded All Assemblies, in  2.473 seconds
Native extension for WindowsStandalone target not found
Mono: successfully reloaded assembly
- Finished resetting the current domain, in  0.876 seconds
Domain Reload Profiling: 3348ms
	BeginReloadAssembly (1444ms)
		ExecutionOrderSort (0ms)
		DisableScriptedObjects (0ms)
		BackupInstance (0ms)
		ReleaseScriptingObjects (0ms)
		CreateAndSetChildDomain (1ms)
	RebuildCommonClasses (395ms)
	RebuildNativeTypeToScriptingClass (84ms)
	initialDomainReloadingComplete (179ms)
	LoadAllAssembliesAndSetupDomain (369ms)
		LoadAssemblies (1441ms)
		RebuildTransferFunctionScriptingTraits (0ms)
		AnalyzeDomain (364ms)
			TypeCache.Refresh (359ms)
				TypeCache.ScanAssembly (320ms)
			ScanForSourceGeneratedMonoScriptInfo (1ms)
			ResolveRequiredComponents (1ms)
	FinalizeReload (877ms)
		ReleaseScriptCaches (0ms)
		RebuildScriptCaches (0ms)
		SetupLoadedEditorAssemblies (605ms)
			LogAssemblyErrors (0ms)
			InitializePlatformSupportModulesInManaged (127ms)
			SetLoadedEditorAssemblies (43ms)
			RefreshPlugins (0ms)
			BeforeProcessingInitializeOnLoad (4ms)
			ProcessInitializeOnLoadAttributes (333ms)
			ProcessInitializeOnLoadMethodAttributes (97ms)
			AfterProcessingInitializeOnLoad (0ms)
			EditorAssembliesLoaded (0ms)
		ExecutionOrderSort2 (0ms)
		AwakeInstancesAfterBackupRestoration (0ms)
========================================================================
Worker process is ready to serve import requests
Begin MonoManager ReloadAssembly
- Loaded All Assemblies, in  0.683 seconds
Refreshing native plugins compatible for Editor in 0.00 ms, found 0 plugins.
Native extension for WindowsStandalone target not found
Mono: successfully reloaded assembly
- Finished resetting the current domain, in  0.458 seconds
Domain Reload Profiling: 1138ms
	BeginReloadAssembly (451ms)
		ExecutionOrderSort (0ms)
		DisableScriptedObjects (13ms)
		BackupInstance (0ms)
		ReleaseScriptingObjects (0ms)
		CreateAndSetChildDomain (47ms)
	RebuildCommonClasses (165ms)
	RebuildNativeTypeToScriptingClass (15ms)
	initialDomainReloadingComplete (29ms)
	LoadAllAssembliesAndSetupDomain (19ms)
		LoadAssemblies (300ms)
		RebuildTransferFunctionScriptingTraits (0ms)
		AnalyzeDomain (12ms)
			TypeCache.Refresh (8ms)
				TypeCache.ScanAssembly (3ms)
			ScanForSourceGeneratedMonoScriptInfo (1ms)
			ResolveRequiredComponents (2ms)
	FinalizeReload (458ms)
		ReleaseScriptCaches (0ms)
		RebuildScriptCaches (0ms)
		SetupLoadedEditorAssemblies (322ms)
			LogAssemblyErrors (0ms)
			InitializePlatformSupportModulesInManaged (6ms)
			SetLoadedEditorAssemblies (5ms)
			RefreshPlugins (0ms)
			BeforeProcessingInitializeOnLoad (38ms)
			ProcessInitializeOnLoadAttributes (237ms)
			ProcessInitializeOnLoadMethodAttributes (32ms)
			AfterProcessingInitializeOnLoad (4ms)
			EditorAssembliesLoaded (0ms)
		ExecutionOrderSort2 (0ms)
		AwakeInstancesAfterBackupRestoration (6ms)
Launched and connected shader compiler UnityShaderCompiler.exe after 0.06 seconds
Refreshing native plugins compatible for Editor in 0.00 ms, found 0 plugins.
Preloading 0 native plugins for Editor in 0.00 ms.
Unloading 242 Unused Serialized files (Serialized files now loaded: 0)
Unloading 3 unused Assets / (50.1 KB). Loaded Objects now: 744.
Memory consumption went from 71.1 MB to 71.1 MB.
Total: 2.486200 ms (FindLiveObjects: 0.067400 ms CreateObjectMapping: 0.010400 ms MarkObjects: 2.313400 ms  DeleteObjects: 0.093900 ms)

AssetImportParameters requested are different than current active one (requested -> active):
  custom:video-encoder-webm-vp8: eb34c28f22e8b96e1ab97ce403110664 -> 
  custom:video-decoder-webm-vp8: 9c59270c3fd7afecdb556c50c9e8de78 -> 
  custom:audio-decoder-ogg-vorbis: bf7c407c2cedff20999df2af8eb42d56 -> 
  custom:video-decoder-ogg-theora: a1e56fd34408186e4bbccfd4996cb3dc -> 
  custom:audio-encoder-webm-vorbis: bf7c407c2cedff20999df2af8eb42d56 -> 
  custom:container-demuxer-webm: 4f35f7cbe854078d1ac9338744f61a02 -> 
  custom:SearchIndexIgnoredProperties: e643bd26f0fe6173181afceb89e7c659 -> 
  custom:container-muxer-webm: aa71ff27fc2769a1b78a27578f13a17b -> 
  custom:video-codec-MediaFoundation-h265: 746d11721c4dcdbdad8f713fa42b33f4 -> 
  custom:container-demuxer-ogg: 62fdf1f143b41e24485cea50d1cbac27 -> 
  custom:AudioImporter_EditorPlatform: d09bf68614088b80899f8185d706f6e7 -> 
  custom:CustomObjectIndexerAttribute: 6d391050e5a25f67b0a2c618074f2cd9 -> 
  custom:framework-win-MediaFoundation: 216162199b28c13a410421893ffa2e32 -> 
========================================================================
Received Import Request.
  Time since last request: 1742126.891643 seconds.
  path: Assets/Scripts/EquipSystem.cs
  artifactKey: Guid(40e10d04907763f4ea1ff77fa28721f9) Importer(815301076,1909f56bfc062723c751e8b465ee728b)
Start importing Assets/Scripts/EquipSystem.cs using Guid(40e10d04907763f4ea1ff77fa28721f9) Importer(815301076,1909f56bfc062723c751e8b465ee728b)  -> (artifact id: 'b113e34aa2e71bfc57b61b306235cf65') in 0.004057 seconds
Number of updated asset objects reloaded before import = 0
Number of asset objects unloaded after import = 0
========================================================================
Received Prepare
Begin MonoManager ReloadAssembly
- Loaded All Assemblies, in  0.378 seconds
Refreshing native plugins compatible for Editor in 0.00 ms, found 0 plugins.
Native extension for WindowsStandalone target not found
Mono: successfully reloaded assembly
- Finished resetting the current domain, in  0.710 seconds
Domain Reload Profiling: 1086ms
	BeginReloadAssembly (217ms)
		ExecutionOrderSort (0ms)
		DisableScriptedObjects (7ms)
		BackupInstance (0ms)
		ReleaseScriptingObjects (0ms)
		CreateAndSetChildDomain (33ms)
	RebuildCommonClasses (100ms)
	RebuildNativeTypeToScriptingClass (21ms)
	initialDomainReloadingComplete (25ms)
	LoadAllAssembliesAndSetupDomain (12ms)
		LoadAssemblies (144ms)
		RebuildTransferFunctionScriptingTraits (0ms)
		AnalyzeDomain (9ms)
			TypeCache.Refresh (6ms)
				TypeCache.ScanAssembly (0ms)
			ScanForSourceGeneratedMonoScriptInfo (1ms)
			ResolveRequiredComponents (2ms)
	FinalizeReload (711ms)
		ReleaseScriptCaches (0ms)
		RebuildScriptCaches (0ms)
		SetupLoadedEditorAssemblies (531ms)
			LogAssemblyErrors (0ms)
			InitializePlatformSupportModulesInManaged (8ms)
			SetLoadedEditorAssemblies (10ms)
			RefreshPlugins (0ms)
			BeforeProcessingInitializeOnLoad (54ms)
			ProcessInitializeOnLoadAttributes (427ms)
			ProcessInitializeOnLoadMethodAttributes (28ms)
			AfterProcessingInitializeOnLoad (5ms)
			EditorAssembliesLoaded (0ms)
		ExecutionOrderSort2 (0ms)
		AwakeInstancesAfterBackupRestoration (9ms)
Refreshing native plugins compatible for Editor in 0.00 ms, found 0 plugins.
Preloading 0 native plugins for Editor in 0.00 ms.
Unloading 235 Unused Serialized files (Serialized files now loaded: 0)
Unloading 1 unused Assets / (22.8 KB). Loaded Objects now: 744.
Memory consumption went from 71.9 MB to 71.9 MB.
Total: 2.482400 ms (FindLiveObjects: 0.055800 ms CreateObjectMapping: 0.009400 ms MarkObjects: 2.393600 ms  DeleteObjects: 0.022700 ms)

Prepare: number of updated asset objects reloaded= 0
AssetImportParameters requested are different than current active one (requested -> active):
  custom:video-encoder-webm-vp8: eb34c28f22e8b96e1ab97ce403110664 -> 
  custom:video-decoder-webm-vp8: 9c59270c3fd7afecdb556c50c9e8de78 -> 
  custom:audio-decoder-ogg-vorbis: bf7c407c2cedff20999df2af8eb42d56 -> 
  custom:video-decoder-ogg-theora: a1e56fd34408186e4bbccfd4996cb3dc -> 
  custom:audio-encoder-webm-vorbis: bf7c407c2cedff20999df2af8eb42d56 -> 
  custom:container-demuxer-webm: 4f35f7cbe854078d1ac9338744f61a02 -> 
  custom:SearchIndexIgnoredProperties: e643bd26f0fe6173181afceb89e7c659 -> 
  custom:container-muxer-webm: aa71ff27fc2769a1b78a27578f13a17b -> 
  custom:video-codec-MediaFoundation-h265: 746d11721c4dcdbdad8f713fa42b33f4 -> 
  custom:container-demuxer-ogg: 62fdf1f143b41e24485cea50d1cbac27 -> 
  custom:AudioImporter_EditorPlatform: d09bf68614088b80899f8185d706f6e7 -> 
  custom:CustomObjectIndexerAttribute: 6d391050e5a25f67b0a2c618074f2cd9 -> 
  custom:framework-win-MediaFoundation: 216162199b28c13a410421893ffa2e32 -> 
========================================================================
Received Import Request.
  Time since last request: 2746.057953 seconds.
  path: Assets/Low Poly Survival Pack/Materials/Mat.mat
  artifactKey: Guid(e8f9cb6f0744849d3b62aab4bfdf6cde) Importer(815301076,1909f56bfc062723c751e8b465ee728b)
Start importing Assets/Low Poly Survival Pack/Materials/Mat.mat using Guid(e8f9cb6f0744849d3b62aab4bfdf6cde) Importer(815301076,1909f56bfc062723c751e8b465ee728b)  -> (artifact id: '6c1620edd34b904893ae451c8b4cee54') in 0.614014 seconds
Number of updated asset objects reloaded before import = 0
Number of asset objects unloaded after import = 2
========================================================================
Received Import Request.
  Time since last request: 0.362070 seconds.
  path: Assets/Low Poly Survival Pack/Models/Book.fbx
  artifactKey: Guid(fd611cfc685a642f189aaab0a7b6f81a) Importer(815301076,1909f56bfc062723c751e8b465ee728b)
Start importing Assets/Low Poly Survival Pack/Models/Book.fbx using Guid(fd611cfc685a642f189aaab0a7b6f81a) Importer(815301076,1909f56bfc062723c751e8b465ee728b)  -> (artifact id: 'fe8e7aa5c405f0602a858b5329faa70a') in 0.405530 seconds
Number of updated asset objects reloaded before import = 0
Number of asset objects unloaded after import = 7
========================================================================
Received Import Request.
  Time since last request: 0.000079 seconds.
  path: Assets/Low Poly Survival Pack/Models/MatchBox.fbx
  artifactKey: Guid(b36b7005dd4ff40cc8bd3c85f0b46ed7) Importer(815301076,1909f56bfc062723c751e8b465ee728b)
Start importing Assets/Low Poly Survival Pack/Models/MatchBox.fbx using Guid(b36b7005dd4ff40cc8bd3c85f0b46ed7) Importer(815301076,1909f56bfc062723c751e8b465ee728b)  -> (artifact id: 'eb00eca101c05dba4b24353dff4f3d53') in 0.400486 seconds
Number of updated asset objects reloaded before import = 0
Number of asset objects unloaded after import = 19
========================================================================
Received Import Request.
  Time since last request: 0.000170 seconds.
  path: Assets/Low Poly Survival Pack/Models/Torch.fbx
  artifactKey: Guid(13b5bf54838e846489a9af9bfe5aa077) Importer(815301076,1909f56bfc062723c751e8b465ee728b)
Start importing Assets/Low Poly Survival Pack/Models/Torch.fbx using Guid(13b5bf54838e846489a9af9bfe5aa077) Importer(815301076,1909f56bfc062723c751e8b465ee728b)  -> (artifact id: '78166dc829d5c7e0566ebf95218e1422') in 0.111644 seconds
Number of updated asset objects reloaded before import = 0
Number of asset objects unloaded after import = 7
========================================================================
Received Import Request.
  Time since last request: 0.000024 seconds.
  path: Assets/Low Poly Survival Pack/Models/Knife.fbx
  artifactKey: Guid(0ec22cd6043d14915a46b29fc36bed97) Importer(815301076,1909f56bfc062723c751e8b465ee728b)
Start importing Assets/Low Poly Survival Pack/Models/Knife.fbx using Guid(0ec22cd6043d14915a46b29fc36bed97) Importer(815301076,1909f56bfc062723c751e8b465ee728b)  -> (artifact id: '6e10598af0385fdfb00fdd140786bc5c') in 0.254295 seconds
Number of updated asset objects reloaded before import = 0
Number of asset objects unloaded after import = 7
========================================================================
Received Import Request.
  Time since last request: 0.000030 seconds.
  path: Assets/Low Poly Survival Pack/Models/Log.fbx
  artifactKey: Guid(ff0e0b552947b4354960fba361ccd13d) Importer(815301076,1909f56bfc062723c751e8b465ee728b)
Start importing Assets/Low Poly Survival Pack/Models/Log.fbx using Guid(ff0e0b552947b4354960fba361ccd13d) Importer(815301076,1909f56bfc062723c751e8b465ee728b)  -> (artifact id: '7747938dd9024bf5dae84ae9484a19c6') in 0.352664 seconds
Number of updated asset objects reloaded before import = 0
Number of asset objects unloaded after import = 7
========================================================================
Received Import Request.
  Time since last request: 0.000366 seconds.
  path: Assets/Low Poly Survival Pack/Models/shovel.fbx
  artifactKey: Guid(bfa56989493a441beb3aa05d95c3312d) Importer(815301076,1909f56bfc062723c751e8b465ee728b)
Start importing Assets/Low Poly Survival Pack/Models/shovel.fbx using Guid(bfa56989493a441beb3aa05d95c3312d) Importer(815301076,1909f56bfc062723c751e8b465ee728b)  -> (artifact id: '03f65ca08d452240f2f514315f2daf0c') in 0.088274 seconds
Number of updated asset objects reloaded before import = 0
Number of asset objects unloaded after import = 7
========================================================================
Received Import Request.
  Time since last request: 0.000268 seconds.
  path: Assets/Low Poly Survival Pack/Models/MedBox.fbx
  artifactKey: Guid(844e044356f71478780c0c4ad4e9e860) Importer(815301076,1909f56bfc062723c751e8b465ee728b)
Start importing Assets/Low Poly Survival Pack/Models/MedBox.fbx using Guid(844e044356f71478780c0c4ad4e9e860) Importer(815301076,1909f56bfc062723c751e8b465ee728b)  -> (artifact id: '28119b51be34322b4b3eba413df0f7e7') in 0.147774 seconds
Number of updated asset objects reloaded before import = 0
Number of asset objects unloaded after import = 9
========================================================================
Received Import Request.
  Time since last request: 0.000765 seconds.
  path: Assets/Low Poly Survival Pack/Models/Hatchet.fbx
  artifactKey: Guid(6424d5d72f9814524a71cf1d7c48e172) Importer(815301076,1909f56bfc062723c751e8b465ee728b)
Start importing Assets/Low Poly Survival Pack/Models/Hatchet.fbx using Guid(6424d5d72f9814524a71cf1d7c48e172) Importer(815301076,1909f56bfc062723c751e8b465ee728b)  -> (artifact id: '3a1bcc476ffcb4024820af2e6878b927') in 0.382913 seconds
Number of updated asset objects reloaded before import = 0
Number of asset objects unloaded after import = 14
========================================================================
Received Import Request.
  Time since last request: 1.546325 seconds.
  path: Assets/Low Poly Survival Pack/Prefabs/Book.prefab
  artifactKey: Guid(8410846aa3d4144a5ae3248d1c0d09a7) Importer(815301076,1909f56bfc062723c751e8b465ee728b)
Start importing Assets/Low Poly Survival Pack/Prefabs/Book.prefab using Guid(8410846aa3d4144a5ae3248d1c0d09a7) Importer(815301076,1909f56bfc062723c751e8b465ee728b)  -> (artifact id: 'b5992d128388159b72fb0b39dc469d0e') in 0.058341 seconds
Number of updated asset objects reloaded before import = 0
Number of asset objects unloaded after import = 10
========================================================================
Received Import Request.
  Time since last request: 0.000084 seconds.
  path: Assets/Low Poly Survival Pack/Prefabs/Knife.prefab
  artifactKey: Guid(2818c8091c50c45009e0b88d4d28971d) Importer(815301076,1909f56bfc062723c751e8b465ee728b)
Start importing Assets/Low Poly Survival Pack/Prefabs/Knife.prefab using Guid(2818c8091c50c45009e0b88d4d28971d) Importer(815301076,1909f56bfc062723c751e8b465ee728b)  -> (artifact id: 'f2ee148f47f631003172705e2c4b20ee') in 0.085876 seconds
Number of updated asset objects reloaded before import = 0
Number of asset objects unloaded after import = 10
========================================================================
Received Import Request.
  Time since last request: 0.000381 seconds.
  path: Assets/Low Poly Survival Pack/Prefabs/Hatchet.prefab
  artifactKey: Guid(2e23b6dcdb69e41e9b53f0850d904d36) Importer(815301076,1909f56bfc062723c751e8b465ee728b)
Start importing Assets/Low Poly Survival Pack/Prefabs/Hatchet.prefab using Guid(2e23b6dcdb69e41e9b53f0850d904d36) Importer(815301076,1909f56bfc062723c751e8b465ee728b)  -> (artifact id: 'ba9c541009fa1c25957435e540a4957a') in 0.054941 seconds
Number of updated asset objects reloaded before import = 0
Number of asset objects unloaded after import = 18
========================================================================
Received Import Request.
  Time since last request: 0.000027 seconds.
  path: Assets/Low Poly Survival Pack/Prefabs/shovel.prefab
  artifactKey: Guid(c460ed6b8ec1842b4aad0601d96ed08d) Importer(815301076,1909f56bfc062723c751e8b465ee728b)
Start importing Assets/Low Poly Survival Pack/Prefabs/shovel.prefab using Guid(c460ed6b8ec1842b4aad0601d96ed08d) Importer(815301076,1909f56bfc062723c751e8b465ee728b)  -> (artifact id: '7655d7a657255fc2eeae60e22f6816b3') in 0.099016 seconds
Number of updated asset objects reloaded before import = 0
Number of asset objects unloaded after import = 10
Editor requested this worker to shutdown with reason: Scaling down because of idle timeout
TcpMessagingSession - receive error: operation aborted. errorcode: 995, details: The I/O operation has been aborted because of either a thread exit or an application request.
AssetImportWorker is now disconnected from the server
Process exiting
Exiting without the bug reporter. Application will terminate with return code 0